<?xml version="1.0" encoding="UTF-8"?>
<!-- Generated by org.testng.reporters.JUnitXMLReporter -->
<testsuite ignored="0" hostname="LAPTOP-70GCA9GP" failures="1" tests="3" name="Test" time="0.408" errors="0" timestamp="2024-07-18T00:47:40 IST">
  <testcase classname="testCases.TestCase1" name="loginTest" time="0.011"/>
  <testcase classname="testCases.TestCase1" name="userAuthTestSkip" time="0.002">
    <skipped/>
  </testcase> <!-- userAuthTestSkip -->
  <testcase classname="testCases.TestCase1" name="userRegTestFail" time="0.01">
    <failure type="java.lang.AssertionError" message="userRegTest Fail">
      <![CDATA[java.lang.AssertionError: userRegTest Fail
at testCases.TestCase1.userRegTestFail(TestCase1.java:58)
at java.base/java.util.ArrayList.forEach(ArrayList.java:1511)
... Removed 28 stack frames]]>
    </failure>
  </testcase> <!-- userRegTestFail -->
</testsuite> <!-- Test -->
